<?xml version="1.0" encoding="UTF-8"?>
<!-- Generated by org.testng.reporters.JUnitXMLReporter -->
<testsuite hostname="CAI1-L13459" ignored="1" name="Default test" tests="11" failures="0" timestamp="07 Nov 2021 21:48:33 GMT" time="30.961" errors="0">
  <testcase name="registerWithValidData" time="9.321" classname="tests.RegistrationTest"/>
  <testcase name="registrWithIncompleteData" time="3.884" classname="tests.RegistrationTest"/>
  <testcase name="registrWithIncompleteData" time="2.024" classname="tests.RegistrationTest"/>
  <testcase name="registrWithIncompleteData" time="1.777" classname="tests.RegistrationTest"/>
  <testcase name="registrWithIncompleteData" time="1.967" classname="tests.RegistrationTest"/>
  <testcase name="registrWithIncompleteData" time="1.877" classname="tests.RegistrationTest"/>
  <testcase name="registrWithIncompleteData" time="1.725" classname="tests.RegistrationTest"/>
  <testcase name="registrWithIncompleteData" time="1.851" classname="tests.RegistrationTest"/>
  <testcase name="registrWithIncompleteData" time="1.98" classname="tests.RegistrationTest"/>
  <testcase name="registrWithIncompleteData" time="1.993" classname="tests.RegistrationTest"/>
  <testcase name="registrWithIncompleteData" time="2.106" classname="tests.RegistrationTest"/>
  <testcase name="registrWithInvalidData" time="0.0" classname="tests.RegistrationTest">
    <ignored/>
  </testcase> <!-- registrWithInvalidData -->
</testsuite> <!-- Default test -->
