<?xml version="1.0" encoding="UTF-8"?>
<testng-results ignored="0" total="44" passed="44" failed="0" skipped="0">
  <reporter-output>
  </reporter-output>
  <suite started-at="2021-11-07T03:40:47 EET" name="Default suite" finished-at="2021-11-07T03:41:08 EET" duration-ms="20112">
    <groups>
    </groups>
    <test started-at="2021-11-07T03:40:47 EET" name="Default test" finished-at="2021-11-07T03:41:08 EET" duration-ms="20112">
      <class name="BestBuyAPIs.BestBuyAPIs.TS_Stores">
        <test-method signature="TC_GET_status_code()[pri:1, instance:BestBuyAPIs.BestBuyAPIs.TS_Stores@383bfa16]" started-at="2021-11-07T03:40:48 EET" name="TC_GET_status_code" finished-at="2021-11-07T03:40:52 EET" duration-ms="4756" status="PASS">
          <reporter-output>
          </reporter-output>
        </test-method> <!-- TC_GET_status_code -->
        <test-method signature="TC_GET_response_size()[pri:2, instance:BestBuyAPIs.BestBuyAPIs.TS_Stores@383bfa16]" started-at="2021-11-07T03:40:52 EET" name="TC_GET_response_size" finished-at="2021-11-07T03:40:55 EET" duration-ms="2910" status="PASS">
          <reporter-output>
          </reporter-output>
        </test-method> <!-- TC_GET_response_size -->
        <test-method signature="TC_GET_LIMIT_check_status_code_and_lenght()[pri:3, instance:BestBuyAPIs.BestBuyAPIs.TS_Stores@383bfa16]" started-at="2021-11-07T03:40:55 EET" name="TC_GET_LIMIT_check_status_code_and_lenght" finished-at="2021-11-07T03:40:56 EET" duration-ms="1077" status="PASS">
          <reporter-output>
          </reporter-output>
        </test-method> <!-- TC_GET_LIMIT_check_status_code_and_lenght -->
        <test-method signature="TC_GET_LIMIT_bad_request()[pri:4, instance:BestBuyAPIs.BestBuyAPIs.TS_Stores@383bfa16]" started-at="2021-11-07T03:40:56 EET" name="TC_GET_LIMIT_bad_request" finished-at="2021-11-07T03:40:56 EET" duration-ms="86" status="PASS">
          <reporter-output>
          </reporter-output>
        </test-method> <!-- TC_GET_LIMIT_bad_request -->
        <test-method signature="TC_GET_SKIP_status_code_and_lenght()[pri:5, instance:BestBuyAPIs.BestBuyAPIs.TS_Stores@383bfa16]" started-at="2021-11-07T03:40:56 EET" name="TC_GET_SKIP_status_code_and_lenght" finished-at="2021-11-07T03:40:56 EET" duration-ms="105" status="PASS">
          <reporter-output>
          </reporter-output>
        </test-method> <!-- TC_GET_SKIP_status_code_and_lenght -->
        <test-method signature="TC_GET_SKIP_bad_request()[pri:6, instance:BestBuyAPIs.BestBuyAPIs.TS_Stores@383bfa16]" started-at="2021-11-07T03:40:57 EET" name="TC_GET_SKIP_bad_request" finished-at="2021-11-07T03:40:57 EET" duration-ms="94" status="PASS">
          <reporter-output>
          </reporter-output>
        </test-method> <!-- TC_GET_SKIP_bad_request -->
        <test-method signature="TC_GET_request_with_Valid_Param(java.lang.String,java.lang.String)[pri:7, instance:BestBuyAPIs.BestBuyAPIs.TS_Stores@383bfa16]" started-at="2021-11-07T03:40:58 EET" name="TC_GET_request_with_Valid_Param" data-provider="ProductsValidParams" finished-at="2021-11-07T03:40:58 EET" duration-ms="60" status="PASS">
          <params>
            <param index="0">
              <value>
                <![CDATA[id]]>
              </value>
            </param>
            <param index="1">
              <value>
                <![CDATA[4.0]]>
              </value>
            </param>
          </params>
          <reporter-output>
          </reporter-output>
        </test-method> <!-- TC_GET_request_with_Valid_Param -->
        <test-method signature="TC_GET_request_with_Valid_Param(java.lang.String,java.lang.String)[pri:7, instance:BestBuyAPIs.BestBuyAPIs.TS_Stores@383bfa16]" started-at="2021-11-07T03:40:58 EET" name="TC_GET_request_with_Valid_Param" data-provider="ProductsValidParams" finished-at="2021-11-07T03:40:58 EET" duration-ms="67" status="PASS">
          <params>
            <param index="0">
              <value>
                <![CDATA[name]]>
              </value>
            </param>
            <param index="1">
              <value>
                <![CDATA[Minnetonka]]>
              </value>
            </param>
          </params>
          <reporter-output>
          </reporter-output>
        </test-method> <!-- TC_GET_request_with_Valid_Param -->
        <test-method signature="TC_GET_request_with_Valid_Param(java.lang.String,java.lang.String)[pri:7, instance:BestBuyAPIs.BestBuyAPIs.TS_Stores@383bfa16]" started-at="2021-11-07T03:40:58 EET" name="TC_GET_request_with_Valid_Param" data-provider="ProductsValidParams" finished-at="2021-11-07T03:40:59 EET" duration-ms="233" status="PASS">
          <params>
            <param index="0">
              <value>
                <![CDATA[type]]>
              </value>
            </param>
            <param index="1">
              <value>
                <![CDATA[BigBox]]>
              </value>
            </param>
          </params>
          <reporter-output>
          </reporter-output>
        </test-method> <!-- TC_GET_request_with_Valid_Param -->
        <test-method signature="TC_GET_request_with_Valid_Param(java.lang.String,java.lang.String)[pri:7, instance:BestBuyAPIs.BestBuyAPIs.TS_Stores@383bfa16]" started-at="2021-11-07T03:40:59 EET" name="TC_GET_request_with_Valid_Param" data-provider="ProductsValidParams" finished-at="2021-11-07T03:40:59 EET" duration-ms="37" status="PASS">
          <params>
            <param index="0">
              <value>
                <![CDATA[address]]>
              </value>
            </param>
            <param index="1">
              <value>
                <![CDATA[13513 Ridgedale Dr]]>
              </value>
            </param>
          </params>
          <reporter-output>
          </reporter-output>
        </test-method> <!-- TC_GET_request_with_Valid_Param -->
        <test-method signature="TC_GET_request_with_Valid_Param(java.lang.String,java.lang.String)[pri:7, instance:BestBuyAPIs.BestBuyAPIs.TS_Stores@383bfa16]" started-at="2021-11-07T03:40:59 EET" name="TC_GET_request_with_Valid_Param" data-provider="ProductsValidParams" finished-at="2021-11-07T03:40:59 EET" duration-ms="34" status="PASS">
          <params>
            <param index="0">
              <value>
                <![CDATA[address2]]>
              </value>
            </param>
            <param index="1">
              <value>
                <![CDATA[ ]]>
              </value>
            </param>
          </params>
          <reporter-output>
          </reporter-output>
        </test-method> <!-- TC_GET_request_with_Valid_Param -->
        <test-method signature="TC_GET_request_with_Valid_Param(java.lang.String,java.lang.String)[pri:7, instance:BestBuyAPIs.BestBuyAPIs.TS_Stores@383bfa16]" started-at="2021-11-07T03:40:59 EET" name="TC_GET_request_with_Valid_Param" data-provider="ProductsValidParams" finished-at="2021-11-07T03:40:59 EET" duration-ms="44" status="PASS">
          <params>
            <param index="0">
              <value>
                <![CDATA[city]]>
              </value>
            </param>
            <param index="1">
              <value>
                <![CDATA[Hopkins]]>
              </value>
            </param>
          </params>
          <reporter-output>
          </reporter-output>
        </test-method> <!-- TC_GET_request_with_Valid_Param -->
        <test-method signature="TC_GET_request_with_Valid_Param(java.lang.String,java.lang.String)[pri:7, instance:BestBuyAPIs.BestBuyAPIs.TS_Stores@383bfa16]" started-at="2021-11-07T03:40:59 EET" name="TC_GET_request_with_Valid_Param" data-provider="ProductsValidParams" finished-at="2021-11-07T03:40:59 EET" duration-ms="170" status="PASS">
          <params>
            <param index="0">
              <value>
                <![CDATA[state]]>
              </value>
            </param>
            <param index="1">
              <value>
                <![CDATA[MN]]>
              </value>
            </param>
          </params>
          <reporter-output>
          </reporter-output>
        </test-method> <!-- TC_GET_request_with_Valid_Param -->
        <test-method signature="TC_GET_request_with_Valid_Param(java.lang.String,java.lang.String)[pri:7, instance:BestBuyAPIs.BestBuyAPIs.TS_Stores@383bfa16]" started-at="2021-11-07T03:40:59 EET" name="TC_GET_request_with_Valid_Param" data-provider="ProductsValidParams" finished-at="2021-11-07T03:40:59 EET" duration-ms="36" status="PASS">
          <params>
            <param index="0">
              <value>
                <![CDATA[zip]]>
              </value>
            </param>
            <param index="1">
              <value>
                <![CDATA[55305.0]]>
              </value>
            </param>
          </params>
          <reporter-output>
          </reporter-output>
        </test-method> <!-- TC_GET_request_with_Valid_Param -->
        <test-method signature="TC_GET_request_with_Valid_Param(java.lang.String,java.lang.String)[pri:7, instance:BestBuyAPIs.BestBuyAPIs.TS_Stores@383bfa16]" started-at="2021-11-07T03:40:59 EET" name="TC_GET_request_with_Valid_Param" data-provider="ProductsValidParams" finished-at="2021-11-07T03:40:59 EET" duration-ms="54" status="PASS">
          <params>
            <param index="0">
              <value>
                <![CDATA[lat]]>
              </value>
            </param>
            <param index="1">
              <value>
                <![CDATA[44.969658]]>
              </value>
            </param>
          </params>
          <reporter-output>
          </reporter-output>
        </test-method> <!-- TC_GET_request_with_Valid_Param -->
        <test-method signature="TC_GET_request_with_Valid_Param(java.lang.String,java.lang.String)[pri:7, instance:BestBuyAPIs.BestBuyAPIs.TS_Stores@383bfa16]" started-at="2021-11-07T03:40:59 EET" name="TC_GET_request_with_Valid_Param" data-provider="ProductsValidParams" finished-at="2021-11-07T03:40:59 EET" duration-ms="88" status="PASS">
          <params>
            <param index="0">
              <value>
                <![CDATA[lng]]>
              </value>
            </param>
            <param index="1">
              <value>
                <![CDATA[-93.449539]]>
              </value>
            </param>
          </params>
          <reporter-output>
          </reporter-output>
        </test-method> <!-- TC_GET_request_with_Valid_Param -->
        <test-method signature="TC_GET_request_with_Valid_Param(java.lang.String,java.lang.String)[pri:7, instance:BestBuyAPIs.BestBuyAPIs.TS_Stores@383bfa16]" started-at="2021-11-07T03:40:59 EET" name="TC_GET_request_with_Valid_Param" data-provider="ProductsValidParams" finished-at="2021-11-07T03:40:59 EET" duration-ms="39" status="PASS">
          <params>
            <param index="0">
              <value>
                <![CDATA[hours]]>
              </value>
            </param>
            <param index="1">
              <value>
                <![CDATA[Mon: 10-9; Tue: 10-9; Wed: 10-9; Thurs: 10-9; Fri: 10-9; Sat: 10-9; Sun: 10-8]]>
              </value>
            </param>
          </params>
          <reporter-output>
          </reporter-output>
        </test-method> <!-- TC_GET_request_with_Valid_Param -->
        <test-method signature="TC_GET_request_with_Not_exist_id()[pri:8, instance:BestBuyAPIs.BestBuyAPIs.TS_Stores@383bfa16]" started-at="2021-11-07T03:40:59 EET" name="TC_GET_request_with_Not_exist_id" finished-at="2021-11-07T03:40:59 EET" duration-ms="39" status="PASS">
          <reporter-output>
          </reporter-output>
        </test-method> <!-- TC_GET_request_with_Not_exist_id -->
        <test-method signature="TC_Post_valid_request()[pri:9, instance:BestBuyAPIs.BestBuyAPIs.TS_Stores@383bfa16]" started-at="2021-11-07T03:40:59 EET" name="TC_Post_valid_request" finished-at="2021-11-07T03:41:00 EET" duration-ms="1156" status="PASS">
          <reporter-output>
          </reporter-output>
        </test-method> <!-- TC_Post_valid_request -->
        <test-method signature="TC_Post_request_with_no_Name()[pri:10, instance:BestBuyAPIs.BestBuyAPIs.TS_Stores@383bfa16]" started-at="2021-11-07T03:41:00 EET" name="TC_Post_request_with_no_Name" finished-at="2021-11-07T03:41:00 EET" duration-ms="38" status="PASS">
          <reporter-output>
          </reporter-output>
        </test-method> <!-- TC_Post_request_with_no_Name -->
        <test-method signature="TC_Post_request_with_no_type()[pri:11, instance:BestBuyAPIs.BestBuyAPIs.TS_Stores@383bfa16]" started-at="2021-11-07T03:41:00 EET" name="TC_Post_request_with_no_type" finished-at="2021-11-07T03:41:01 EET" duration-ms="360" status="PASS">
          <reporter-output>
          </reporter-output>
        </test-method> <!-- TC_Post_request_with_no_type -->
        <test-method signature="TC_Post_request_with_no_address1()[pri:12, instance:BestBuyAPIs.BestBuyAPIs.TS_Stores@383bfa16]" started-at="2021-11-07T03:41:01 EET" name="TC_Post_request_with_no_address1" finished-at="2021-11-07T03:41:01 EET" duration-ms="28" status="PASS">
          <reporter-output>
          </reporter-output>
        </test-method> <!-- TC_Post_request_with_no_address1 -->
        <test-method signature="TC_Post_request_with_no_address2()[pri:13, instance:BestBuyAPIs.BestBuyAPIs.TS_Stores@383bfa16]" started-at="2021-11-07T03:41:01 EET" name="TC_Post_request_with_no_address2" finished-at="2021-11-07T03:41:01 EET" duration-ms="301" status="PASS">
          <reporter-output>
          </reporter-output>
        </test-method> <!-- TC_Post_request_with_no_address2 -->
        <test-method signature="TC_Post_request_with_no_city()[pri:14, instance:BestBuyAPIs.BestBuyAPIs.TS_Stores@383bfa16]" started-at="2021-11-07T03:41:01 EET" name="TC_Post_request_with_no_city" finished-at="2021-11-07T03:41:01 EET" duration-ms="28" status="PASS">
          <reporter-output>
          </reporter-output>
        </test-method> <!-- TC_Post_request_with_no_city -->
        <test-method signature="TC_Post_request_with_no_state()[pri:15, instance:BestBuyAPIs.BestBuyAPIs.TS_Stores@383bfa16]" started-at="2021-11-07T03:41:01 EET" name="TC_Post_request_with_no_state" finished-at="2021-11-07T03:41:01 EET" duration-ms="29" status="PASS">
          <reporter-output>
          </reporter-output>
        </test-method> <!-- TC_Post_request_with_no_state -->
        <test-method signature="TC_Post_request_with_no_zip()[pri:16, instance:BestBuyAPIs.BestBuyAPIs.TS_Stores@383bfa16]" started-at="2021-11-07T03:41:01 EET" name="TC_Post_request_with_no_zip" finished-at="2021-11-07T03:41:01 EET" duration-ms="31" status="PASS">
          <reporter-output>
          </reporter-output>
        </test-method> <!-- TC_Post_request_with_no_zip -->
        <test-method signature="TC_Post_request_with_no_lat()[pri:17, instance:BestBuyAPIs.BestBuyAPIs.TS_Stores@383bfa16]" started-at="2021-11-07T03:41:01 EET" name="TC_Post_request_with_no_lat" finished-at="2021-11-07T03:41:01 EET" duration-ms="339" status="PASS">
          <reporter-output>
          </reporter-output>
        </test-method> <!-- TC_Post_request_with_no_lat -->
        <test-method signature="TC_Post_request_with_no_lng()[pri:18, instance:BestBuyAPIs.BestBuyAPIs.TS_Stores@383bfa16]" started-at="2021-11-07T03:41:02 EET" name="TC_Post_request_with_no_lng" finished-at="2021-11-07T03:41:02 EET" duration-ms="275" status="PASS">
          <reporter-output>
          </reporter-output>
        </test-method> <!-- TC_Post_request_with_no_lng -->
        <test-method signature="TC_Post_request_with_no_hours()[pri:19, instance:BestBuyAPIs.BestBuyAPIs.TS_Stores@383bfa16]" started-at="2021-11-07T03:41:02 EET" name="TC_Post_request_with_no_hours" finished-at="2021-11-07T03:41:02 EET" duration-ms="286" status="PASS">
          <reporter-output>
          </reporter-output>
        </test-method> <!-- TC_Post_request_with_no_hours -->
        <test-method signature="TC_Post_request_with_no_body()[pri:20, instance:BestBuyAPIs.BestBuyAPIs.TS_Stores@383bfa16]" started-at="2021-11-07T03:41:02 EET" name="TC_Post_request_with_no_body" finished-at="2021-11-07T03:41:02 EET" duration-ms="30" status="PASS">
          <reporter-output>
          </reporter-output>
        </test-method> <!-- TC_Post_request_with_no_body -->
        <test-method signature="TC_Delete_valid_request()[pri:21, instance:BestBuyAPIs.BestBuyAPIs.TS_Stores@383bfa16]" started-at="2021-11-07T03:41:02 EET" name="TC_Delete_valid_request" finished-at="2021-11-07T03:41:02 EET" duration-ms="289" status="PASS">
          <reporter-output>
          </reporter-output>
        </test-method> <!-- TC_Delete_valid_request -->
        <test-method signature="TC_Delete_request_with_not_exist_id()[pri:22, instance:BestBuyAPIs.BestBuyAPIs.TS_Stores@383bfa16]" started-at="2021-11-07T03:41:02 EET" name="TC_Delete_request_with_not_exist_id" finished-at="2021-11-07T03:41:02 EET" duration-ms="19" status="PASS">
          <reporter-output>
          </reporter-output>
        </test-method> <!-- TC_Delete_request_with_not_exist_id -->
        <test-method signature="TC_Patch_valid_request()[pri:23, instance:BestBuyAPIs.BestBuyAPIs.TS_Stores@383bfa16]" started-at="2021-11-07T03:41:02 EET" name="TC_Patch_valid_request" finished-at="2021-11-07T03:41:03 EET" duration-ms="534" status="PASS">
          <reporter-output>
          </reporter-output>
        </test-method> <!-- TC_Patch_valid_request -->
        <test-method signature="TC_Patch_request_with_Name()[pri:24, instance:BestBuyAPIs.BestBuyAPIs.TS_Stores@383bfa16]" started-at="2021-11-07T03:41:03 EET" name="TC_Patch_request_with_Name" finished-at="2021-11-07T03:41:03 EET" duration-ms="443" status="PASS">
          <reporter-output>
          </reporter-output>
        </test-method> <!-- TC_Patch_request_with_Name -->
        <test-method signature="TC_Patch_request_with_Type()[pri:25, instance:BestBuyAPIs.BestBuyAPIs.TS_Stores@383bfa16]" started-at="2021-11-07T03:41:03 EET" name="TC_Patch_request_with_Type" finished-at="2021-11-07T03:41:04 EET" duration-ms="520" status="PASS">
          <reporter-output>
          </reporter-output>
        </test-method> <!-- TC_Patch_request_with_Type -->
        <test-method signature="TC_Patch_request_with_Address()[pri:26, instance:BestBuyAPIs.BestBuyAPIs.TS_Stores@383bfa16]" started-at="2021-11-07T03:41:04 EET" name="TC_Patch_request_with_Address" finished-at="2021-11-07T03:41:04 EET" duration-ms="484" status="PASS">
          <reporter-output>
          </reporter-output>
        </test-method> <!-- TC_Patch_request_with_Address -->
        <test-method signature="TC_Patch_request_with_Address2()[pri:27, instance:BestBuyAPIs.BestBuyAPIs.TS_Stores@383bfa16]" started-at="2021-11-07T03:41:04 EET" name="TC_Patch_request_with_Address2" finished-at="2021-11-07T03:41:05 EET" duration-ms="454" status="PASS">
          <reporter-output>
          </reporter-output>
        </test-method> <!-- TC_Patch_request_with_Address2 -->
        <test-method signature="TC_Patch_request_with_City()[pri:28, instance:BestBuyAPIs.BestBuyAPIs.TS_Stores@383bfa16]" started-at="2021-11-07T03:41:05 EET" name="TC_Patch_request_with_City" finished-at="2021-11-07T03:41:05 EET" duration-ms="431" status="PASS">
          <reporter-output>
          </reporter-output>
        </test-method> <!-- TC_Patch_request_with_City -->
        <test-method signature="TC_Patch_request_with_State()[pri:29, instance:BestBuyAPIs.BestBuyAPIs.TS_Stores@383bfa16]" started-at="2021-11-07T03:41:05 EET" name="TC_Patch_request_with_State" finished-at="2021-11-07T03:41:06 EET" duration-ms="443" status="PASS">
          <reporter-output>
          </reporter-output>
        </test-method> <!-- TC_Patch_request_with_State -->
        <test-method signature="TC_Patch_request_with_Zip()[pri:30, instance:BestBuyAPIs.BestBuyAPIs.TS_Stores@383bfa16]" started-at="2021-11-07T03:41:06 EET" name="TC_Patch_request_with_Zip" finished-at="2021-11-07T03:41:06 EET" duration-ms="466" status="PASS">
          <reporter-output>
          </reporter-output>
        </test-method> <!-- TC_Patch_request_with_Zip -->
        <test-method signature="TC_Patch_request_with_lat()[pri:31, instance:BestBuyAPIs.BestBuyAPIs.TS_Stores@383bfa16]" started-at="2021-11-07T03:41:06 EET" name="TC_Patch_request_with_lat" finished-at="2021-11-07T03:41:07 EET" duration-ms="444" status="PASS">
          <reporter-output>
          </reporter-output>
        </test-method> <!-- TC_Patch_request_with_lat -->
        <test-method signature="TC_Patch_request_with_lng()[pri:32, instance:BestBuyAPIs.BestBuyAPIs.TS_Stores@383bfa16]" started-at="2021-11-07T03:41:07 EET" name="TC_Patch_request_with_lng" finished-at="2021-11-07T03:41:07 EET" duration-ms="431" status="PASS">
          <reporter-output>
          </reporter-output>
        </test-method> <!-- TC_Patch_request_with_lng -->
        <test-method signature="TC_Patch_request_with_hours()[pri:33, instance:BestBuyAPIs.BestBuyAPIs.TS_Stores@383bfa16]" started-at="2021-11-07T03:41:07 EET" name="TC_Patch_request_with_hours" finished-at="2021-11-07T03:41:07 EET" duration-ms="420" status="PASS">
          <reporter-output>
          </reporter-output>
        </test-method> <!-- TC_Patch_request_with_hours -->
        <test-method signature="TC_Patch_request_with_not_exist_ID()[pri:34, instance:BestBuyAPIs.BestBuyAPIs.TS_Stores@383bfa16]" started-at="2021-11-07T03:41:07 EET" name="TC_Patch_request_with_not_exist_ID" finished-at="2021-11-07T03:41:08 EET" duration-ms="30" status="PASS">
          <reporter-output>
          </reporter-output>
        </test-method> <!-- TC_Patch_request_with_not_exist_ID -->
      </class> <!-- BestBuyAPIs.BestBuyAPIs.TS_Stores -->
    </test> <!-- Default test -->
  </suite> <!-- Default suite -->
</testng-results>
