<?xml version="1.0" encoding="UTF-8"?>
<!-- Generated by org.testng.reporters.JUnitXMLReporter -->
<testsuite ignored="0" hostname="DESKTOP-G58LQO8" failures="0" tests="44" name="Default test" time="20.112" errors="0" timestamp="2021-11-07T03:41:08 EET">
  <testcase classname="BestBuyAPIs.BestBuyAPIs.TS_Stores" name="TC_GET_status_code" time="4.756"/>
  <testcase classname="BestBuyAPIs.BestBuyAPIs.TS_Stores" name="TC_GET_response_size" time="2.91"/>
  <testcase classname="BestBuyAPIs.BestBuyAPIs.TS_Stores" name="TC_GET_LIMIT_check_status_code_and_lenght" time="1.077"/>
  <testcase classname="BestBuyAPIs.BestBuyAPIs.TS_Stores" name="TC_GET_LIMIT_bad_request" time="0.086"/>
  <testcase classname="BestBuyAPIs.BestBuyAPIs.TS_Stores" name="TC_GET_SKIP_status_code_and_lenght" time="0.105"/>
  <testcase classname="BestBuyAPIs.BestBuyAPIs.TS_Stores" name="TC_GET_SKIP_bad_request" time="0.094"/>
  <testcase classname="BestBuyAPIs.BestBuyAPIs.TS_Stores" name="TC_GET_request_with_Valid_Param" time="0.06"/>
  <testcase classname="BestBuyAPIs.BestBuyAPIs.TS_Stores" name="TC_GET_request_with_Valid_Param" time="0.067"/>
  <testcase classname="BestBuyAPIs.BestBuyAPIs.TS_Stores" name="TC_GET_request_with_Valid_Param" time="0.233"/>
  <testcase classname="BestBuyAPIs.BestBuyAPIs.TS_Stores" name="TC_GET_request_with_Valid_Param" time="0.037"/>
  <testcase classname="BestBuyAPIs.BestBuyAPIs.TS_Stores" name="TC_GET_request_with_Valid_Param" time="0.034"/>
  <testcase classname="BestBuyAPIs.BestBuyAPIs.TS_Stores" name="TC_GET_request_with_Valid_Param" time="0.044"/>
  <testcase classname="BestBuyAPIs.BestBuyAPIs.TS_Stores" name="TC_GET_request_with_Valid_Param" time="0.17"/>
  <testcase classname="BestBuyAPIs.BestBuyAPIs.TS_Stores" name="TC_GET_request_with_Valid_Param" time="0.036"/>
  <testcase classname="BestBuyAPIs.BestBuyAPIs.TS_Stores" name="TC_GET_request_with_Valid_Param" time="0.054"/>
  <testcase classname="BestBuyAPIs.BestBuyAPIs.TS_Stores" name="TC_GET_request_with_Valid_Param" time="0.088"/>
  <testcase classname="BestBuyAPIs.BestBuyAPIs.TS_Stores" name="TC_GET_request_with_Valid_Param" time="0.039"/>
  <testcase classname="BestBuyAPIs.BestBuyAPIs.TS_Stores" name="TC_GET_request_with_Not_exist_id" time="0.039"/>
  <testcase classname="BestBuyAPIs.BestBuyAPIs.TS_Stores" name="TC_Post_valid_request" time="1.156"/>
  <testcase classname="BestBuyAPIs.BestBuyAPIs.TS_Stores" name="TC_Post_request_with_no_Name" time="0.038"/>
  <testcase classname="BestBuyAPIs.BestBuyAPIs.TS_Stores" name="TC_Post_request_with_no_type" time="0.36"/>
  <testcase classname="BestBuyAPIs.BestBuyAPIs.TS_Stores" name="TC_Post_request_with_no_address1" time="0.028"/>
  <testcase classname="BestBuyAPIs.BestBuyAPIs.TS_Stores" name="TC_Post_request_with_no_address2" time="0.301"/>
  <testcase classname="BestBuyAPIs.BestBuyAPIs.TS_Stores" name="TC_Post_request_with_no_city" time="0.028"/>
  <testcase classname="BestBuyAPIs.BestBuyAPIs.TS_Stores" name="TC_Post_request_with_no_state" time="0.029"/>
  <testcase classname="BestBuyAPIs.BestBuyAPIs.TS_Stores" name="TC_Post_request_with_no_zip" time="0.031"/>
  <testcase classname="BestBuyAPIs.BestBuyAPIs.TS_Stores" name="TC_Post_request_with_no_lat" time="0.339"/>
  <testcase classname="BestBuyAPIs.BestBuyAPIs.TS_Stores" name="TC_Post_request_with_no_lng" time="0.275"/>
  <testcase classname="BestBuyAPIs.BestBuyAPIs.TS_Stores" name="TC_Post_request_with_no_hours" time="0.286"/>
  <testcase classname="BestBuyAPIs.BestBuyAPIs.TS_Stores" name="TC_Post_request_with_no_body" time="0.03"/>
  <testcase classname="BestBuyAPIs.BestBuyAPIs.TS_Stores" name="TC_Delete_valid_request" time="0.289"/>
  <testcase classname="BestBuyAPIs.BestBuyAPIs.TS_Stores" name="TC_Delete_request_with_not_exist_id" time="0.019"/>
  <testcase classname="BestBuyAPIs.BestBuyAPIs.TS_Stores" name="TC_Patch_valid_request" time="0.534"/>
  <testcase classname="BestBuyAPIs.BestBuyAPIs.TS_Stores" name="TC_Patch_request_with_Name" time="0.443"/>
  <testcase classname="BestBuyAPIs.BestBuyAPIs.TS_Stores" name="TC_Patch_request_with_Type" time="0.52"/>
  <testcase classname="BestBuyAPIs.BestBuyAPIs.TS_Stores" name="TC_Patch_request_with_Address" time="0.484"/>
  <testcase classname="BestBuyAPIs.BestBuyAPIs.TS_Stores" name="TC_Patch_request_with_Address2" time="0.454"/>
  <testcase classname="BestBuyAPIs.BestBuyAPIs.TS_Stores" name="TC_Patch_request_with_City" time="0.431"/>
  <testcase classname="BestBuyAPIs.BestBuyAPIs.TS_Stores" name="TC_Patch_request_with_State" time="0.443"/>
  <testcase classname="BestBuyAPIs.BestBuyAPIs.TS_Stores" name="TC_Patch_request_with_Zip" time="0.466"/>
  <testcase classname="BestBuyAPIs.BestBuyAPIs.TS_Stores" name="TC_Patch_request_with_lat" time="0.444"/>
  <testcase classname="BestBuyAPIs.BestBuyAPIs.TS_Stores" name="TC_Patch_request_with_lng" time="0.431"/>
  <testcase classname="BestBuyAPIs.BestBuyAPIs.TS_Stores" name="TC_Patch_request_with_hours" time="0.42"/>
  <testcase classname="BestBuyAPIs.BestBuyAPIs.TS_Stores" name="TC_Patch_request_with_not_exist_ID" time="0.03"/>
</testsuite> <!-- Default test -->
